MLA912271216  Apc Smart-ups Rc Src1ki-ar 1000va Entrada Y Salida De 230v Negro MLA1720 UPS
MLA913997736 Notebook Dell Inspiron 3505 Gris 15.6 , Amd Ryzen 5 3450u  16gb De Ram 256gb Ssd, Amd Radeon Rx Vega 8 60 Hz 1366x768px Windows 10 Home MLA1652 Notebooks
MLA1106550080  Apc Back-ups Br900g-ar 900va Entrada Y Salida De 230v Negro MLA1720 UPS
MLA926000369 Switch Linksys Se3008 MLA1708 Switches
MLA927153653 Notebook Dell Inspiron 3505 Gris 15.6 , Amd Ryzen 5 3450u  12gb De Ram 256gb Ssd, Amd Radeon Rx Vega 8 60 Hz 1366x768px Windows 10 Home MLA1652 Notebooks
MLA1123962611 Notebook Dell Inspiron 3505 Plata 15.6 , Amd Ryzen 5 3450u  8gb De Ram 256gb Ssd, Amd Radeon Rx Vega 8 60 Hz 1366x768px Windows 11 Home MLA1652 Notebooks
MLA1124626069 Notebook Dell Inspiron 3505 Gris 15.6 , Amd Ryzen 5 3450u  16gb De Ram 1tb Hdd 256gb Ssd, Amd Radeon Rx Vega 8 60 Hz 1366x768px Windows 10 Home MLA1652 Notebooks
MLA1118143499 Notebook Dell Inspiron 3505 Negra 15.6 , Amd Ryzen 5 3450u  12gb De Ram 1tb Hdd 256gb Ssd, Amd Radeon Rx Vega 8 60 Hz Windows 10 Home MLA1652 Notebooks
MLA926001777 Switch Linksys Se3005 MLA1708 Switches
MLA875194522 Router Linksys Wrt3200acm Azul Y Negro MLA430901 Routers
MLA926291038  Apc Easy Ups Srv3000 Srv3ki-ar 3000va Entrada Y Salida De 220v/240v Negro MLA1720 UPS
MLA1124817293 Notebook Dell Inspiron 3502 Plata 15.55 , Intel Celeron N4020  4gb De Ram 128gb Ssd, Intel Uhd Graphics 600 60 Hz 1366x768px Windows 10 Home MLA1652 Notebooks
MLA1123507869  Apc Back-ups Pro 1200 Br1200g-ar 1200va Entrada Y Salida De 230v Negro MLA1720 UPS
MLA932549653 Router Linksys Ea6350 Negro Y Plata 220v MLA430901 Routers
MLA931548054 Sistema Wi-fi Mesh Linksys Velop Whw0301 Blanco 220v 3 Unidades MLA430901 Routers
MLA912269641  Apc Back-ups Bx800ci-ar 800va Entrada Y Salida De 230v Negro MLA1720 UPS
MLA919422304 Access Point, Router Linksys Mr8300 Negro 100v/240v MLA430901 Routers
MLA927112638 Notebook Dell Inspiron 3505 Gris 15.6 , Amd Ryzen 5 3450u  8gb De Ram 1tb Hdd 256gb Ssd, Amd Radeon Rx Vega 8 60 Hz 1366x768px Windows 10 Home MLA1652 Notebooks
MLA925179224  Apc Easy Ups Bv1000i-ar 1000va Entrada Y Salida De 230v Negro MLA1720 UPS
MLA930094684 Repetidor, Router, Sistema Wi-fi Mesh Linksys Velop Wifi Intelligent Mesh Blanco 100v/240v 2 Unidades MLA430901 Routers
MLA1117198878 Notebook Dell Inspiron 3501 Plata 15.6 , Intel Core I5 1135g7  8gb De Ram 256gb Ssd, Intel Iris Xe Graphics G7 80eus 60 Hz 1366x768px Windows 10 Home MLA1652 Notebooks
MLA931485853 Access Point, Repetidor, Router Linksys Max-stream Ea8300 Negro 100v/240v MLA430901 Routers
MLA898906657 Access Point, Router Linksys Max-stream Ea7450 Negro 100v/240v MLA430901 Routers
MLA1124885159 Notebook Dell Inspiron 5510 Blue 15.6 , Intel Core I5 11320h  8gb De Ram 256gb Ssd, Intel Iris Xe Graphics G7 96eus 60 Hz 1920x1080px Windows 11 Home MLA1652 Notebooks
MLA919299900  Apc Back-ups Pro 1500 Br1500g-ar 1500va Entrada Y Salida De 230v Negro MLA1720 UPS
MLA917228070 Router, Sistema Wi-fi Mesh Linksys Max-stream Mr6350 Negro 100v/240v MLA430901 Routers
MLA1118257996 Switch Linksys Lgs124p MLA1708 Switches
MLA876595621 Sistema Wi-fi Mesh Linksys Velop Whw0301 Blanco 220v MLA430901 Routers
MLA935549146 Access Point, Repetidor Tp-link Pharos Cpe510 Blanco 100v/240v MLA430901 Routers
MLA1119219028 Sistema Wi-fi Mesh Linksys Velop Mx12600 Blanco 220v 3 Unidades MLA430901 Routers
MLA874472550 Router Linksys Ea-series Ea6100 Negro 100v/240v MLA430901 Routers
MLA932592066  Apc Easy Ups Srv Srv1000 Srv1kil-ar 1000va Entrada Y Salida De 230v Negro MLA1720 UPS
MLA1116245839 Sistema Wi-fi Mesh Linksys Velop Mx5300 Blanco 220v MLA430901 Routers
MLA930612969  Apc Easy Ups Srv6ki 6000va Entrada Y Salida De 230v Negro MLA1720 UPS
MLA1117192208 Notebook Dell Inspiron 3501 Negra 15.6 , Intel Core I3 1005g1  4gb De Ram 1tb Hdd, Intel Uhd Graphics G1 60 Hz 1366x768px Linux Ubuntu MLA1652 Notebooks
MLA1123478603  Apc Smart-ups Smt2200i-ar 2200va Entrada Y Salida De 230v Negro MLA1720 UPS
MLA1121749740  Apc Easy Ups Bv Bv800i-ar 800va Entrada Y Salida De 230v Negro MLA1720 UPS
MLA1124833862 Access Point, Router, Sistema Wi-fi Mesh Tp-link Deco X20 Blanco 220v 3 Unidades MLA430901 Routers
MLA876794922 Impresora Multifunción Lexmark Mb2546adwe Con Wifi Gris Y Blanca 220v MLA1676 Impresoras
MLA1120903583 Notebook Dell Inspiron 5510 I7 16gb 512gb W10h MLA1652 Notebooks
MLA614270244 Ups Apc 1000va Para Pc Gamer Simil Bx1100 Bv1000i-ar Estabilizador Y Protector De Tension Gtia Oficial 2 Años MLA1720 UPS
MLA608914689 Ups Apc Br1200g Ar 1200va Estabilizador Br1200 Gtia 2 Años MLA1720 UPS
MLA1110094153 Router Linksys Ac1000 Doble Banda Wifi 5 Flex MLA430901 Routers
MLA1110105313 Notebook Dell Latitude 3520 I7 32gb 256ssd 1tb Ubuntu MLA1652 Notebooks
MLA924050456 Notebook Dell Inspiron 15.6 Fhd I5 11g 16gb 256gb Letra Ñ MLA1652 Notebooks
MLA838441150 Servidor Poweredge Dell T40 Xeon E3-2224 16gb 1tb Hd Gtia MLA1649 PC
MLA1102376364 Ups Apc Back Bx2200mi 2200va 4t Gamer MLA1720 UPS
MLA1122672069 Notebook Dell Inspiron 3502 Celeron 4gb 128ssd Windows MLA1652 Notebooks
MLA932538732 Notebook Dell Vostro 14  Amd Ryzen 5 16gb 256gb + 1tb Ubu MLA1652 Notebooks
MLA1110064181 Notebook Dell Latitude 3520 I7 32gb 256ssd 480ssd Ubuntu MLA1652 Notebooks
