ID: MLA912271216
Titulo: Apc Smart-ups Rc Src1ki-ar 1000va Entrada Y Salida De 230v Negro
ID de la categoria: MLA1720
Nombre de la categoria: MLA-STABILIZERS_AND_UPS
ID: MLA913997736
Titulo:Notebook Dell Inspiron 3505 Gris 15.6 , Amd Ryzen 5 3450u  16gb De Ram 256gb Ssd, Amd Radeon Rx Vega 8 60 Hz 1366x768px Windows 10 Home
ID de la categoria: MLA1652
Nombre de la categoria: MLA-NOTEBOOKS
ID: MLA1106550080
Titulo: Apc Back-ups Br900g-ar 900va Entrada Y Salida De 230v Negro
ID de la categoria: MLA1720
Nombre de la categoria: MLA-STABILIZERS_AND_UPS
ID: MLA926000369
Titulo:Switch Linksys Se3008
ID de la categoria: MLA1708
Nombre de la categoria: MLA-NETWORK_SWITCHES
ID: MLA927153653
Titulo:Notebook Dell Inspiron 3505 Gris 15.6 , Amd Ryzen 5 3450u  12gb De Ram 256gb Ssd, Amd Radeon Rx Vega 8 60 Hz 1366x768px Windows 10 Home
ID de la categoria: MLA1652
Nombre de la categoria: MLA-NOTEBOOKS
ID: MLA1123962611
Titulo:Notebook Dell Inspiron 3505 Plata 15.6 , Amd Ryzen 5 3450u  8gb De Ram 256gb Ssd, Amd Radeon Rx Vega 8 60 Hz 1366x768px Windows 11 Home
ID de la categoria: MLA1652
Nombre de la categoria: MLA-NOTEBOOKS
ID: MLA1124626069
Titulo:Notebook Dell Inspiron 3505 Gris 15.6 , Amd Ryzen 5 3450u  16gb De Ram 1tb Hdd 256gb Ssd, Amd Radeon Rx Vega 8 60 Hz 1366x768px Windows 10 Home
ID de la categoria: MLA1652
Nombre de la categoria: MLA-NOTEBOOKS
ID: MLA1118143499
Titulo:Notebook Dell Inspiron 3505 Negra 15.6 , Amd Ryzen 5 3450u  12gb De Ram 1tb Hdd 256gb Ssd, Amd Radeon Rx Vega 8 60 Hz Windows 10 Home
ID de la categoria: MLA1652
Nombre de la categoria: MLA-NOTEBOOKS
ID: MLA926001777
Titulo:Switch Linksys Se3005
ID de la categoria: MLA1708
Nombre de la categoria: MLA-NETWORK_SWITCHES
ID: MLA875194522
Titulo:Router Linksys Wrt3200acm Azul Y Negro
ID de la categoria: MLA430901
Nombre de la categoria: MLA-ROUTERS_AND_WIRELESS_SYSTEMS
ID: MLA926291038
Titulo: Apc Easy Ups Srv3000 Srv3ki-ar 3000va Entrada Y Salida De 220v/240v Negro
ID de la categoria: MLA1720
Nombre de la categoria: MLA-STABILIZERS_AND_UPS
ID: MLA1124817293
Titulo:Notebook Dell Inspiron 3502 Plata 15.55 , Intel Celeron N4020  4gb De Ram 128gb Ssd, Intel Uhd Graphics 600 60 Hz 1366x768px Windows 10 Home
ID de la categoria: MLA1652
Nombre de la categoria: MLA-NOTEBOOKS
ID: MLA1123507869
Titulo: Apc Back-ups Pro 1200 Br1200g-ar 1200va Entrada Y Salida De 230v Negro
ID de la categoria: MLA1720
Nombre de la categoria: MLA-STABILIZERS_AND_UPS
ID: MLA932549653
Titulo:Router Linksys Ea6350 Negro Y Plata 220v
ID de la categoria: MLA430901
Nombre de la categoria: MLA-ROUTERS_AND_WIRELESS_SYSTEMS
ID: MLA931548054
Titulo:Sistema Wi-fi Mesh Linksys Velop Whw0301 Blanco 220v 3 Unidades
ID de la categoria: MLA430901
Nombre de la categoria: MLA-ROUTERS_AND_WIRELESS_SYSTEMS
ID: MLA912269641
Titulo: Apc Back-ups Bx800ci-ar 800va Entrada Y Salida De 230v Negro
ID de la categoria: MLA1720
Nombre de la categoria: MLA-STABILIZERS_AND_UPS
ID: MLA919422304
Titulo:Access Point, Router Linksys Mr8300 Negro 100v/240v
ID de la categoria: MLA430901
Nombre de la categoria: MLA-ROUTERS_AND_WIRELESS_SYSTEMS
ID: MLA927112638
Titulo:Notebook Dell Inspiron 3505 Gris 15.6 , Amd Ryzen 5 3450u  8gb De Ram 1tb Hdd 256gb Ssd, Amd Radeon Rx Vega 8 60 Hz 1366x768px Windows 10 Home
ID de la categoria: MLA1652
Nombre de la categoria: MLA-NOTEBOOKS
ID: MLA925179224
Titulo: Apc Easy Ups Bv1000i-ar 1000va Entrada Y Salida De 230v Negro
ID de la categoria: MLA1720
Nombre de la categoria: MLA-STABILIZERS_AND_UPS
ID: MLA930094684
Titulo:Repetidor, Router, Sistema Wi-fi Mesh Linksys Velop Wifi Intelligent Mesh Blanco 100v/240v 2 Unidades
ID de la categoria: MLA430901
Nombre de la categoria: MLA-ROUTERS_AND_WIRELESS_SYSTEMS
ID: MLA1117198878
Titulo:Notebook Dell Inspiron 3501 Plata 15.6 , Intel Core I5 1135g7  8gb De Ram 256gb Ssd, Intel Iris Xe Graphics G7 80eus 60 Hz 1366x768px Windows 10 Home
ID de la categoria: MLA1652
Nombre de la categoria: MLA-NOTEBOOKS
ID: MLA931485853
Titulo:Access Point, Repetidor, Router Linksys Max-stream Ea8300 Negro 100v/240v
ID de la categoria: MLA430901
Nombre de la categoria: MLA-ROUTERS_AND_WIRELESS_SYSTEMS
ID: MLA898906657
Titulo:Access Point, Router Linksys Max-stream Ea7450 Negro 100v/240v
ID de la categoria: MLA430901
Nombre de la categoria: MLA-ROUTERS_AND_WIRELESS_SYSTEMS
ID: MLA1124885159
Titulo:Notebook Dell Inspiron 5510 Blue 15.6 , Intel Core I5 11320h  8gb De Ram 256gb Ssd, Intel Iris Xe Graphics G7 96eus 60 Hz 1920x1080px Windows 11 Home
ID de la categoria: MLA1652
Nombre de la categoria: MLA-NOTEBOOKS
ID: MLA919299900
Titulo: Apc Back-ups Pro 1500 Br1500g-ar 1500va Entrada Y Salida De 230v Negro
ID de la categoria: MLA1720
Nombre de la categoria: MLA-STABILIZERS_AND_UPS
ID: MLA917228070
Titulo:Router, Sistema Wi-fi Mesh Linksys Max-stream Mr6350 Negro 100v/240v
ID de la categoria: MLA430901
Nombre de la categoria: MLA-ROUTERS_AND_WIRELESS_SYSTEMS
ID: MLA1118257996
Titulo:Switch Linksys Lgs124p
ID de la categoria: MLA1708
Nombre de la categoria: MLA-NETWORK_SWITCHES
ID: MLA876595621
Titulo:Sistema Wi-fi Mesh Linksys Velop Whw0301 Blanco 220v
ID de la categoria: MLA430901
Nombre de la categoria: MLA-ROUTERS_AND_WIRELESS_SYSTEMS
ID: MLA935549146
Titulo:Access Point, Repetidor Tp-link Pharos Cpe510 Blanco 100v/240v
ID de la categoria: MLA430901
Nombre de la categoria: MLA-ROUTERS_AND_WIRELESS_SYSTEMS
ID: MLA1119219028
Titulo:Sistema Wi-fi Mesh Linksys Velop Mx12600 Blanco 220v 3 Unidades
ID de la categoria: MLA430901
Nombre de la categoria: MLA-ROUTERS_AND_WIRELESS_SYSTEMS
ID: MLA874472550
Titulo:Router Linksys Ea-series Ea6100 Negro 100v/240v
ID de la categoria: MLA430901
Nombre de la categoria: MLA-ROUTERS_AND_WIRELESS_SYSTEMS
ID: MLA932592066
Titulo: Apc Easy Ups Srv Srv1000 Srv1kil-ar 1000va Entrada Y Salida De 230v Negro
ID de la categoria: MLA1720
Nombre de la categoria: MLA-STABILIZERS_AND_UPS
ID: MLA1116245839
Titulo:Sistema Wi-fi Mesh Linksys Velop Mx5300 Blanco 220v
ID de la categoria: MLA430901
Nombre de la categoria: MLA-ROUTERS_AND_WIRELESS_SYSTEMS
ID: MLA930612969
Titulo: Apc Easy Ups Srv6ki 6000va Entrada Y Salida De 230v Negro
ID de la categoria: MLA1720
Nombre de la categoria: MLA-STABILIZERS_AND_UPS
ID: MLA1117192208
Titulo:Notebook Dell Inspiron 3501 Negra 15.6 , Intel Core I3 1005g1  4gb De Ram 1tb Hdd, Intel Uhd Graphics G1 60 Hz 1366x768px Linux Ubuntu
ID de la categoria: MLA1652
Nombre de la categoria: MLA-NOTEBOOKS
ID: MLA1123478603
Titulo: Apc Smart-ups Smt2200i-ar 2200va Entrada Y Salida De 230v Negro
ID de la categoria: MLA1720
Nombre de la categoria: MLA-STABILIZERS_AND_UPS
ID: MLA1121749740
Titulo: Apc Easy Ups Bv Bv800i-ar 800va Entrada Y Salida De 230v Negro
ID de la categoria: MLA1720
Nombre de la categoria: MLA-STABILIZERS_AND_UPS
ID: MLA1124833862
Titulo:Access Point, Router, Sistema Wi-fi Mesh Tp-link Deco X20 Blanco 220v 3 Unidades
ID de la categoria: MLA430901
Nombre de la categoria: MLA-ROUTERS_AND_WIRELESS_SYSTEMS
ID: MLA876794922
Titulo:Impresora Multifunción Lexmark Mb2546adwe Con Wifi Gris Y Blanca 220v
ID de la categoria: MLA1676
Nombre de la categoria: MLA-PRINTERS
ID: MLA1120903583
Titulo:Notebook Dell Inspiron 5510 I7 16gb 512gb W10h
ID de la categoria: MLA1652
Nombre de la categoria: MLA-NOTEBOOKS
ID: MLA614270244
Titulo:Ups Apc 1000va Para Pc Gamer Simil Bx1100 Bv1000i-ar Estabilizador Y Protector De Tension Gtia Oficial 2 Años
ID de la categoria: MLA1720
Nombre de la categoria: MLA-STABILIZERS_AND_UPS
ID: MLA1110094153
Titulo:Router Linksys Ac1000 Doble Banda Wifi 5 Flex
ID de la categoria: MLA430901
Nombre de la categoria: MLA-ROUTERS_AND_WIRELESS_SYSTEMS
ID: MLA1110105313
Titulo:Notebook Dell Latitude 3520 I7 32gb 256ssd 1tb Ubuntu
ID de la categoria: MLA1652
Nombre de la categoria: MLA-NOTEBOOKS
ID: MLA924050456
Titulo:Notebook Dell Inspiron 15.6 Fhd I5 11g 16gb 256gb Letra Ñ
ID de la categoria: MLA1652
Nombre de la categoria: MLA-NOTEBOOKS
ID: MLA838441150
Titulo:Servidor Poweredge Dell T40 Xeon E3-2224 16gb 1tb Hd Gtia
ID de la categoria: MLA1649
Nombre de la categoria: MLA-DESKTOP_COMPUTERS
ID: MLA1102376364
Titulo:Ups Apc Back Bx2200mi 2200va 4t Gamer
ID de la categoria: MLA1720
Nombre de la categoria: MLA-STABILIZERS_AND_UPS
ID: MLA1122672069
Titulo:Notebook Dell Inspiron 3502 Celeron 4gb 128ssd Windows
ID de la categoria: MLA1652
Nombre de la categoria: MLA-NOTEBOOKS
ID: MLA932538732
Titulo:Notebook Dell Vostro 14  Amd Ryzen 5 16gb 256gb + 1tb Ubu
ID de la categoria: MLA1652
Nombre de la categoria: MLA-NOTEBOOKS
ID: MLA608914689
Titulo:Ups Apc Br1200g Ar 1200va Estabilizador Br1200 Gtia 2 Años
ID de la categoria: MLA1720
Nombre de la categoria: MLA-STABILIZERS_AND_UPS
ID: MLA1110064181
Titulo:Notebook Dell Latitude 3520 I7 32gb 256ssd 480ssd Ubuntu
ID de la categoria: MLA1652
Nombre de la categoria: MLA-NOTEBOOKS
